2012-12-23 15:54:52 Error: [MissingControllerException] Controller class DashboardController could not be found.
#0 /home/helder/NetBeansProjects/SocialSupport/app/webroot/index.php(92): Dispatcher->dispatch(Object(CakeRequest), Object(CakeResponse))
#1 {main}
2012-12-23 15:56:06 Error: [MissingControllerException] Controller class UsersController could not be found.
#0 /home/helder/NetBeansProjects/SocialSupport/app/webroot/index.php(92): Dispatcher->dispatch(Object(CakeRequest), Object(CakeResponse))
#1 {main}
2012-12-23 15:58:19 Error: [MissingControllerException] Controller class UsersController could not be found.
#0 /home/helder/NetBeansProjects/SocialSupport/app/webroot/index.php(92): Dispatcher->dispatch(Object(CakeRequest), Object(CakeResponse))
#1 {main}
2012-12-23 15:58:29 Error: [MissingControllerException] Controller class UsersController could not be found.
#0 /home/helder/NetBeansProjects/SocialSupport/app/webroot/index.php(92): Dispatcher->dispatch(Object(CakeRequest), Object(CakeResponse))
#1 {main}
2012-12-23 15:58:34 Error: [MissingControllerException] Controller class UsersController could not be found.
#0 /home/helder/NetBeansProjects/SocialSupport/app/webroot/index.php(92): Dispatcher->dispatch(Object(CakeRequest), Object(CakeResponse))
#1 {main}
2012-12-23 15:58:46 Error: [MissingControllerException] Controller class UsersController could not be found.
#0 /home/helder/NetBeansProjects/SocialSupport/app/webroot/index.php(92): Dispatcher->dispatch(Object(CakeRequest), Object(CakeResponse))
#1 {main}
2012-12-23 16:01:31 Error: [CakeException] Authentication adapter "loginAction" was not found.
#0 /home/helder/NetBeansProjects/SocialSupport/lib/Cake/Controller/Component/AuthComponent.php(583): AuthComponent->constructAuthenticate()
#1 /home/helder/NetBeansProjects/SocialSupport/lib/Cake/Controller/Component/AuthComponent.php(310): AuthComponent->_getUser()
#2 [internal function]: AuthComponent->startup(Object(DashboardController))
#3 /home/helder/NetBeansProjects/SocialSupport/lib/Cake/Utility/ObjectCollection.php(130): call_user_func_array(Array, Array)
#4 [internal function]: ObjectCollection->trigger(Object(CakeEvent))
#5 /home/helder/NetBeansProjects/SocialSupport/lib/Cake/Event/CakeEventManager.php(246): call_user_func(Array, Object(CakeEvent))
#6 /home/helder/NetBeansProjects/SocialSupport/lib/Cake/Controller/Controller.php(670): CakeEventManager->dispatch(Object(CakeEvent))
#7 /home/helder/NetBeansProjects/SocialSupport/lib/Cake/Routing/Dispatcher.php(183): Controller->startupProcess()
#8 /home/helder/NetBeansProjects/SocialSupport/lib/Cake/Routing/Dispatcher.php(161): Dispatcher->_invoke(Object(DashboardController), Object(CakeRequest), Object(CakeResponse))
#9 /home/helder/NetBeansProjects/SocialSupport/app/webroot/index.php(92): Dispatcher->dispatch(Object(CakeRequest), Object(CakeResponse))
#10 {main}
2012-12-23 16:01:33 Error: [CakeException] Authentication adapter "loginAction" was not found.
#0 /home/helder/NetBeansProjects/SocialSupport/lib/Cake/Controller/Component/AuthComponent.php(583): AuthComponent->constructAuthenticate()
#1 /home/helder/NetBeansProjects/SocialSupport/lib/Cake/Controller/Component/AuthComponent.php(310): AuthComponent->_getUser()
#2 [internal function]: AuthComponent->startup(Object(DashboardController))
#3 /home/helder/NetBeansProjects/SocialSupport/lib/Cake/Utility/ObjectCollection.php(130): call_user_func_array(Array, Array)
#4 [internal function]: ObjectCollection->trigger(Object(CakeEvent))
#5 /home/helder/NetBeansProjects/SocialSupport/lib/Cake/Event/CakeEventManager.php(246): call_user_func(Array, Object(CakeEvent))
#6 /home/helder/NetBeansProjects/SocialSupport/lib/Cake/Controller/Controller.php(670): CakeEventManager->dispatch(Object(CakeEvent))
#7 /home/helder/NetBeansProjects/SocialSupport/lib/Cake/Routing/Dispatcher.php(183): Controller->startupProcess()
#8 /home/helder/NetBeansProjects/SocialSupport/lib/Cake/Routing/Dispatcher.php(161): Dispatcher->_invoke(Object(DashboardController), Object(CakeRequest), Object(CakeResponse))
#9 /home/helder/NetBeansProjects/SocialSupport/app/webroot/index.php(92): Dispatcher->dispatch(Object(CakeRequest), Object(CakeResponse))
#10 {main}
2012-12-23 16:05:42 Error: [MissingActionException] Action AuthController::login() could not be found.
#0 /home/helder/NetBeansProjects/SocialSupport/lib/Cake/Routing/Dispatcher.php(186): Controller->invokeAction(Object(CakeRequest))
#1 /home/helder/NetBeansProjects/SocialSupport/lib/Cake/Routing/Dispatcher.php(161): Dispatcher->_invoke(Object(AuthController), Object(CakeRequest), Object(CakeResponse))
#2 /home/helder/NetBeansProjects/SocialSupport/app/webroot/index.php(92): Dispatcher->dispatch(Object(CakeRequest), Object(CakeResponse))
#3 {main}
2012-12-25 22:16:38 Error: [MissingActionException] Action AuthController::login() could not be found.
#0 /home/helder/NetBeansProjects/SocialSupport/lib/Cake/Routing/Dispatcher.php(186): Controller->invokeAction(Object(CakeRequest))
#1 /home/helder/NetBeansProjects/SocialSupport/lib/Cake/Routing/Dispatcher.php(161): Dispatcher->_invoke(Object(AuthController), Object(CakeRequest), Object(CakeResponse))
#2 /home/helder/NetBeansProjects/SocialSupport/app/webroot/index.php(92): Dispatcher->dispatch(Object(CakeRequest), Object(CakeResponse))
#3 {main}
2012-12-25 22:24:13 Error: [MissingViewException] View file "/home/helder/NetBeansProjects/SocialSupport/app/View/Auth/register.ctp" is missing.
#0 /home/helder/NetBeansProjects/SocialSupport/lib/Cake/View/View.php(473): View->_getViewFileName(NULL)
#1 /home/helder/NetBeansProjects/SocialSupport/lib/Cake/Controller/Controller.php(956): View->render(NULL, NULL)
#2 /home/helder/NetBeansProjects/SocialSupport/lib/Cake/Routing/Dispatcher.php(193): Controller->render()
#3 /home/helder/NetBeansProjects/SocialSupport/lib/Cake/Routing/Dispatcher.php(161): Dispatcher->_invoke(Object(AuthController), Object(CakeRequest), Object(CakeResponse))
#4 /home/helder/NetBeansProjects/SocialSupport/app/webroot/index.php(92): Dispatcher->dispatch(Object(CakeRequest), Object(CakeResponse))
#5 {main}
2012-12-25 22:54:08 Error: [MissingViewException] View file "/home/helder/NetBeansProjects/SocialSupport/app/View/Auth/register.ctp" is missing.
#0 /home/helder/NetBeansProjects/SocialSupport/lib/Cake/View/View.php(473): View->_getViewFileName(NULL)
#1 /home/helder/NetBeansProjects/SocialSupport/lib/Cake/Controller/Controller.php(956): View->render(NULL, NULL)
#2 /home/helder/NetBeansProjects/SocialSupport/lib/Cake/Routing/Dispatcher.php(193): Controller->render()
#3 /home/helder/NetBeansProjects/SocialSupport/lib/Cake/Routing/Dispatcher.php(161): Dispatcher->_invoke(Object(AuthController), Object(CakeRequest), Object(CakeResponse))
#4 /home/helder/NetBeansProjects/SocialSupport/app/webroot/index.php(92): Dispatcher->dispatch(Object(CakeRequest), Object(CakeResponse))
#5 {main}
2012-12-25 22:58:20 Error: [MissingViewException] View file "/home/helder/NetBeansProjects/SocialSupport/app/View/Auth/register.ctp" is missing.
#0 /home/helder/NetBeansProjects/SocialSupport/lib/Cake/View/View.php(473): View->_getViewFileName(NULL)
#1 /home/helder/NetBeansProjects/SocialSupport/lib/Cake/Controller/Controller.php(956): View->render(NULL, NULL)
#2 /home/helder/NetBeansProjects/SocialSupport/app/Controller/AuthController.php(21): Controller->render(NULL)
#3 [internal function]: AuthController->register()
#4 /home/helder/NetBeansProjects/SocialSupport/lib/Cake/Controller/Controller.php(485): ReflectionMethod->invokeArgs(Object(AuthController), Array)
#5 /home/helder/NetBeansProjects/SocialSupport/lib/Cake/Routing/Dispatcher.php(186): Controller->invokeAction(Object(CakeRequest))
#6 /home/helder/NetBeansProjects/SocialSupport/lib/Cake/Routing/Dispatcher.php(161): Dispatcher->_invoke(Object(AuthController), Object(CakeRequest), Object(CakeResponse))
#7 /home/helder/NetBeansProjects/SocialSupport/app/webroot/index.php(92): Dispatcher->dispatch(Object(CakeRequest), Object(CakeResponse))
#8 {main}
2012-12-25 22:58:41 Error: [MissingViewException] View file "/home/helder/NetBeansProjects/SocialSupport/app/View/Auth/register.ctp" is missing.
#0 /home/helder/NetBeansProjects/SocialSupport/lib/Cake/View/View.php(473): View->_getViewFileName(NULL)
#1 /home/helder/NetBeansProjects/SocialSupport/lib/Cake/Controller/Controller.php(956): View->render(NULL, NULL)
#2 /home/helder/NetBeansProjects/SocialSupport/app/Controller/AuthController.php(22): Controller->render(NULL)
#3 [internal function]: AuthController->register()
#4 /home/helder/NetBeansProjects/SocialSupport/lib/Cake/Controller/Controller.php(485): ReflectionMethod->invokeArgs(Object(AuthController), Array)
#5 /home/helder/NetBeansProjects/SocialSupport/lib/Cake/Routing/Dispatcher.php(186): Controller->invokeAction(Object(CakeRequest))
#6 /home/helder/NetBeansProjects/SocialSupport/lib/Cake/Routing/Dispatcher.php(161): Dispatcher->_invoke(Object(AuthController), Object(CakeRequest), Object(CakeResponse))
#7 /home/helder/NetBeansProjects/SocialSupport/app/webroot/index.php(92): Dispatcher->dispatch(Object(CakeRequest), Object(CakeResponse))
#8 {main}
2012-12-25 23:01:52 Error: [MissingViewException] View file "/home/helder/NetBeansProjects/SocialSupport/app/View/Auth/register.ctp" is missing.
#0 /home/helder/NetBeansProjects/SocialSupport/lib/Cake/View/View.php(473): View->_getViewFileName(NULL)
#1 /home/helder/NetBeansProjects/SocialSupport/lib/Cake/Controller/Controller.php(956): View->render(NULL, NULL)
#2 /home/helder/NetBeansProjects/SocialSupport/app/Controller/AuthController.php(22): Controller->render(NULL)
#3 [internal function]: AuthController->register()
#4 /home/helder/NetBeansProjects/SocialSupport/lib/Cake/Controller/Controller.php(485): ReflectionMethod->invokeArgs(Object(AuthController), Array)
#5 /home/helder/NetBeansProjects/SocialSupport/lib/Cake/Routing/Dispatcher.php(186): Controller->invokeAction(Object(CakeRequest))
#6 /home/helder/NetBeansProjects/SocialSupport/lib/Cake/Routing/Dispatcher.php(161): Dispatcher->_invoke(Object(AuthController), Object(CakeRequest), Object(CakeResponse))
#7 /home/helder/NetBeansProjects/SocialSupport/app/webroot/index.php(92): Dispatcher->dispatch(Object(CakeRequest), Object(CakeResponse))
#8 {main}
2012-12-25 23:02:31 Error: [MissingViewException] View file "/home/helder/NetBeansProjects/SocialSupport/app/View/Auth/register.ctp" is missing.
#0 /home/helder/NetBeansProjects/SocialSupport/lib/Cake/View/View.php(473): View->_getViewFileName(NULL)
#1 /home/helder/NetBeansProjects/SocialSupport/lib/Cake/Controller/Controller.php(956): View->render(NULL, NULL)
#2 /home/helder/NetBeansProjects/SocialSupport/app/Controller/AuthController.php(22): Controller->render(NULL)
#3 [internal function]: AuthController->register()
#4 /home/helder/NetBeansProjects/SocialSupport/lib/Cake/Controller/Controller.php(485): ReflectionMethod->invokeArgs(Object(AuthController), Array)
#5 /home/helder/NetBeansProjects/SocialSupport/lib/Cake/Routing/Dispatcher.php(186): Controller->invokeAction(Object(CakeRequest))
#6 /home/helder/NetBeansProjects/SocialSupport/lib/Cake/Routing/Dispatcher.php(161): Dispatcher->_invoke(Object(AuthController), Object(CakeRequest), Object(CakeResponse))
#7 /home/helder/NetBeansProjects/SocialSupport/app/webroot/index.php(92): Dispatcher->dispatch(Object(CakeRequest), Object(CakeResponse))
#8 {main}
2012-12-25 23:03:27 Error: Fatal Error (1): Call to undefined method View::tag() in [/home/helder/NetBeansProjects/SocialSupport/app/View/Auth/login.ctp, line 7]
2012-12-25 23:03:27 Error: [FatalErrorException] Call to undefined method View::tag()
#0 /home/helder/NetBeansProjects/SocialSupport/lib/Cake/Error/ErrorHandler.php(161): ErrorHandler::handleFatalError(1, 'Call to undefin...', '/home/helder/Ne...', 7)
#1 [internal function]: ErrorHandler::handleError(1, 'Call to undefin...', '/home/helder/Ne...', 7, Array)
#2 /home/helder/NetBeansProjects/SocialSupport/lib/Cake/Core/App.php(926): call_user_func('ErrorHandler::h...', 1, 'Call to undefin...', '/home/helder/Ne...', 7, Array)
#3 /home/helder/NetBeansProjects/SocialSupport/lib/Cake/Core/App.php(899): App::_checkFatalError()
#4 [internal function]: App::shutdown()
#5 {main}
2012-12-25 23:12:24 Error: [MissingControllerException] Controller class JsController could not be found.
#0 /home/helder/NetBeansProjects/SocialSupport/app/webroot/index.php(92): Dispatcher->dispatch(Object(CakeRequest), Object(CakeResponse))
#1 {main}
2012-12-25 23:14:56 Error: [MissingControllerException] Controller class CssController could not be found.
#0 /home/helder/NetBeansProjects/SocialSupport/app/webroot/index.php(92): Dispatcher->dispatch(Object(CakeRequest), Object(CakeResponse))
#1 {main}
2012-12-25 23:19:12 Error: [MissingControllerException] Controller class ImagesController could not be found.
#0 /home/helder/NetBeansProjects/SocialSupport/app/webroot/index.php(92): Dispatcher->dispatch(Object(CakeRequest), Object(CakeResponse))
#1 {main}
2012-12-25 23:19:12 Error: [MissingControllerException] Controller class ImagesController could not be found.
#0 /home/helder/NetBeansProjects/SocialSupport/app/webroot/index.php(92): Dispatcher->dispatch(Object(CakeRequest), Object(CakeResponse))
#1 {main}
2012-12-25 23:19:12 Error: [MissingControllerException] Controller class ImagesController could not be found.
#0 /home/helder/NetBeansProjects/SocialSupport/app/webroot/index.php(92): Dispatcher->dispatch(Object(CakeRequest), Object(CakeResponse))
#1 {main}
2012-12-25 23:19:12 Error: [MissingControllerException] Controller class ImagesController could not be found.
#0 /home/helder/NetBeansProjects/SocialSupport/app/webroot/index.php(92): Dispatcher->dispatch(Object(CakeRequest), Object(CakeResponse))
#1 {main}
2012-12-25 23:19:12 Error: [MissingControllerException] Controller class ImagesController could not be found.
#0 /home/helder/NetBeansProjects/SocialSupport/app/webroot/index.php(92): Dispatcher->dispatch(Object(CakeRequest), Object(CakeResponse))
#1 {main}
2012-12-25 23:19:12 Error: [MissingControllerException] Controller class ImagesController could not be found.
#0 /home/helder/NetBeansProjects/SocialSupport/app/webroot/index.php(92): Dispatcher->dispatch(Object(CakeRequest), Object(CakeResponse))
#1 {main}
2012-12-25 23:19:13 Error: [MissingControllerException] Controller class CssController could not be found.
#0 /home/helder/NetBeansProjects/SocialSupport/app/webroot/index.php(92): Dispatcher->dispatch(Object(CakeRequest), Object(CakeResponse))
#1 {main}
2012-12-25 23:19:13 Error: [MissingControllerException] Controller class CssController could not be found.
#0 /home/helder/NetBeansProjects/SocialSupport/app/webroot/index.php(92): Dispatcher->dispatch(Object(CakeRequest), Object(CakeResponse))
#1 {main}
2012-12-25 23:19:22 Error: [MissingControllerException] Controller class CssController could not be found.
#0 /home/helder/NetBeansProjects/SocialSupport/app/webroot/index.php(92): Dispatcher->dispatch(Object(CakeRequest), Object(CakeResponse))
#1 {main}
2012-12-25 23:19:23 Error: [MissingControllerException] Controller class CssController could not be found.
#0 /home/helder/NetBeansProjects/SocialSupport/app/webroot/index.php(92): Dispatcher->dispatch(Object(CakeRequest), Object(CakeResponse))
#1 {main}
2012-12-25 23:19:31 Error: [MissingControllerException] Controller class ImagesController could not be found.
#0 /home/helder/NetBeansProjects/SocialSupport/app/webroot/index.php(92): Dispatcher->dispatch(Object(CakeRequest), Object(CakeResponse))
#1 {main}
2012-12-25 23:19:31 Error: [MissingControllerException] Controller class ImagesController could not be found.
#0 /home/helder/NetBeansProjects/SocialSupport/app/webroot/index.php(92): Dispatcher->dispatch(Object(CakeRequest), Object(CakeResponse))
#1 {main}
2012-12-25 23:19:31 Error: [MissingControllerException] Controller class ImagesController could not be found.
#0 /home/helder/NetBeansProjects/SocialSupport/app/webroot/index.php(92): Dispatcher->dispatch(Object(CakeRequest), Object(CakeResponse))
#1 {main}
2012-12-25 23:19:31 Error: [MissingControllerException] Controller class ImagesController could not be found.
#0 /home/helder/NetBeansProjects/SocialSupport/app/webroot/index.php(92): Dispatcher->dispatch(Object(CakeRequest), Object(CakeResponse))
#1 {main}
2012-12-25 23:19:31 Error: [MissingControllerException] Controller class ImagesController could not be found.
#0 /home/helder/NetBeansProjects/SocialSupport/app/webroot/index.php(92): Dispatcher->dispatch(Object(CakeRequest), Object(CakeResponse))
#1 {main}
2012-12-25 23:19:31 Error: [MissingControllerException] Controller class ImagesController could not be found.
#0 /home/helder/NetBeansProjects/SocialSupport/app/webroot/index.php(92): Dispatcher->dispatch(Object(CakeRequest), Object(CakeResponse))
#1 {main}
2012-12-25 23:19:31 Error: [MissingControllerException] Controller class CssController could not be found.
#0 /home/helder/NetBeansProjects/SocialSupport/app/webroot/index.php(92): Dispatcher->dispatch(Object(CakeRequest), Object(CakeResponse))
#1 {main}
2012-12-25 23:19:32 Error: [MissingControllerException] Controller class CssController could not be found.
#0 /home/helder/NetBeansProjects/SocialSupport/app/webroot/index.php(92): Dispatcher->dispatch(Object(CakeRequest), Object(CakeResponse))
#1 {main}
2012-12-25 23:22:01 Error: [MissingControllerException] Controller class CssController could not be found.
#0 /home/helder/NetBeansProjects/SocialSupport/app/webroot/index.php(92): Dispatcher->dispatch(Object(CakeRequest), Object(CakeResponse))
#1 {main}
2012-12-25 23:22:01 Error: [MissingControllerException] Controller class CssController could not be found.
#0 /home/helder/NetBeansProjects/SocialSupport/app/webroot/index.php(92): Dispatcher->dispatch(Object(CakeRequest), Object(CakeResponse))
#1 {main}
2012-12-25 23:24:54 Error: [MissingControllerException] Controller class CssController could not be found.
#0 /home/helder/NetBeansProjects/SocialSupport/app/webroot/index.php(92): Dispatcher->dispatch(Object(CakeRequest), Object(CakeResponse))
#1 {main}
2012-12-25 23:24:55 Error: [MissingControllerException] Controller class CssController could not be found.
#0 /home/helder/NetBeansProjects/SocialSupport/app/webroot/index.php(92): Dispatcher->dispatch(Object(CakeRequest), Object(CakeResponse))
#1 {main}
2012-12-25 23:30:18 Error: [MissingControllerException] Controller class CssController could not be found.
#0 /home/helder/NetBeansProjects/SocialSupport/app/webroot/index.php(92): Dispatcher->dispatch(Object(CakeRequest), Object(CakeResponse))
#1 {main}
2012-12-25 23:30:18 Error: [MissingControllerException] Controller class CssController could not be found.
#0 /home/helder/NetBeansProjects/SocialSupport/app/webroot/index.php(92): Dispatcher->dispatch(Object(CakeRequest), Object(CakeResponse))
#1 {main}
2012-12-25 23:32:14 Error: [MissingControllerException] Controller class JsController could not be found.
#0 /home/helder/NetBeansProjects/SocialSupport/app/webroot/index.php(92): Dispatcher->dispatch(Object(CakeRequest), Object(CakeResponse))
#1 {main}
2012-12-25 23:32:14 Error: [MissingControllerException] Controller class JsController could not be found.
#0 /home/helder/NetBeansProjects/SocialSupport/app/webroot/index.php(92): Dispatcher->dispatch(Object(CakeRequest), Object(CakeResponse))
#1 {main}
2012-12-25 23:32:14 Error: [MissingControllerException] Controller class CssController could not be found.
#0 /home/helder/NetBeansProjects/SocialSupport/app/webroot/index.php(92): Dispatcher->dispatch(Object(CakeRequest), Object(CakeResponse))
#1 {main}
2012-12-25 23:32:14 Error: [MissingControllerException] Controller class CssController could not be found.
#0 /home/helder/NetBeansProjects/SocialSupport/app/webroot/index.php(92): Dispatcher->dispatch(Object(CakeRequest), Object(CakeResponse))
#1 {main}
2012-12-25 23:32:24 Error: [MissingControllerException] Controller class CssController could not be found.
#0 /home/helder/NetBeansProjects/SocialSupport/app/webroot/index.php(92): Dispatcher->dispatch(Object(CakeRequest), Object(CakeResponse))
#1 {main}
2012-12-25 23:32:24 Error: [MissingControllerException] Controller class CssController could not be found.
#0 /home/helder/NetBeansProjects/SocialSupport/app/webroot/index.php(92): Dispatcher->dispatch(Object(CakeRequest), Object(CakeResponse))
#1 {main}
2012-12-25 23:32:28 Error: [MissingControllerException] Controller class JsController could not be found.
#0 /home/helder/NetBeansProjects/SocialSupport/app/webroot/index.php(92): Dispatcher->dispatch(Object(CakeRequest), Object(CakeResponse))
#1 {main}
2012-12-25 23:32:28 Error: [MissingControllerException] Controller class JsController could not be found.
#0 /home/helder/NetBeansProjects/SocialSupport/app/webroot/index.php(92): Dispatcher->dispatch(Object(CakeRequest), Object(CakeResponse))
#1 {main}
2012-12-25 23:32:29 Error: [MissingControllerException] Controller class CssController could not be found.
#0 /home/helder/NetBeansProjects/SocialSupport/app/webroot/index.php(92): Dispatcher->dispatch(Object(CakeRequest), Object(CakeResponse))
#1 {main}
2012-12-25 23:32:29 Error: [MissingControllerException] Controller class CssController could not be found.
#0 /home/helder/NetBeansProjects/SocialSupport/app/webroot/index.php(92): Dispatcher->dispatch(Object(CakeRequest), Object(CakeResponse))
#1 {main}
2012-12-25 23:32:44 Error: [MissingControllerException] Controller class CssController could not be found.
#0 /home/helder/NetBeansProjects/SocialSupport/app/webroot/index.php(92): Dispatcher->dispatch(Object(CakeRequest), Object(CakeResponse))
#1 {main}
2012-12-25 23:32:44 Error: [MissingControllerException] Controller class ImagesController could not be found.
#0 /home/helder/NetBeansProjects/SocialSupport/app/webroot/index.php(92): Dispatcher->dispatch(Object(CakeRequest), Object(CakeResponse))
#1 {main}
2012-12-25 23:32:45 Error: [MissingControllerException] Controller class CssController could not be found.
#0 /home/helder/NetBeansProjects/SocialSupport/app/webroot/index.php(92): Dispatcher->dispatch(Object(CakeRequest), Object(CakeResponse))
#1 {main}
2012-12-25 23:35:04 Error: [MissingControllerException] Controller class ImagesController could not be found.
#0 /home/helder/NetBeansProjects/SocialSupport/app/webroot/index.php(92): Dispatcher->dispatch(Object(CakeRequest), Object(CakeResponse))
#1 {main}
2012-12-25 23:45:07 Error: [MissingControllerException] Controller class CssController could not be found.
#0 /home/helder/NetBeansProjects/SocialSupport/app/webroot/index.php(92): Dispatcher->dispatch(Object(CakeRequest), Object(CakeResponse))
#1 {main}
2012-12-25 23:45:07 Error: [MissingControllerException] Controller class CssController could not be found.
#0 /home/helder/NetBeansProjects/SocialSupport/app/webroot/index.php(92): Dispatcher->dispatch(Object(CakeRequest), Object(CakeResponse))
#1 {main}
2012-12-25 23:51:24 Error: [MissingControllerException] Controller class ImagesController could not be found.
#0 /home/helder/NetBeansProjects/SocialSupport/app/webroot/index.php(92): Dispatcher->dispatch(Object(CakeRequest), Object(CakeResponse))
#1 {main}
2012-12-25 23:54:57 Error: [MissingControllerException] Controller class CssController could not be found.
#0 /home/helder/NetBeansProjects/SocialSupport/app/webroot/index.php(92): Dispatcher->dispatch(Object(CakeRequest), Object(CakeResponse))
#1 {main}
2012-12-25 23:54:57 Error: [MissingControllerException] Controller class ImagesController could not be found.
#0 /home/helder/NetBeansProjects/SocialSupport/app/webroot/index.php(92): Dispatcher->dispatch(Object(CakeRequest), Object(CakeResponse))
#1 {main}
2012-12-25 23:54:58 Error: [MissingControllerException] Controller class CssController could not be found.
#0 /home/helder/NetBeansProjects/SocialSupport/app/webroot/index.php(92): Dispatcher->dispatch(Object(CakeRequest), Object(CakeResponse))
#1 {main}
2012-12-25 23:55:06 Error: [MissingControllerException] Controller class CssController could not be found.
#0 /home/helder/NetBeansProjects/SocialSupport/app/webroot/index.php(92): Dispatcher->dispatch(Object(CakeRequest), Object(CakeResponse))
#1 {main}
2012-12-25 23:55:06 Error: [MissingControllerException] Controller class ImagesController could not be found.
#0 /home/helder/NetBeansProjects/SocialSupport/app/webroot/index.php(92): Dispatcher->dispatch(Object(CakeRequest), Object(CakeResponse))
#1 {main}
2012-12-25 23:55:06 Error: [MissingControllerException] Controller class CssController could not be found.
#0 /home/helder/NetBeansProjects/SocialSupport/app/webroot/index.php(92): Dispatcher->dispatch(Object(CakeRequest), Object(CakeResponse))
#1 {main}
2012-12-25 23:55:31 Error: [MissingControllerException] Controller class CssController could not be found.
#0 /home/helder/NetBeansProjects/SocialSupport/app/webroot/index.php(92): Dispatcher->dispatch(Object(CakeRequest), Object(CakeResponse))
#1 {main}
2012-12-25 23:55:31 Error: [MissingControllerException] Controller class CssController could not be found.
#0 /home/helder/NetBeansProjects/SocialSupport/app/webroot/index.php(92): Dispatcher->dispatch(Object(CakeRequest), Object(CakeResponse))
#1 {main}
2012-12-25 23:56:34 Error: [MissingControllerException] Controller class CssController could not be found.
#0 /home/helder/NetBeansProjects/SocialSupport/app/webroot/index.php(92): Dispatcher->dispatch(Object(CakeRequest), Object(CakeResponse))
#1 {main}
2012-12-25 23:56:34 Error: [MissingControllerException] Controller class ImagesController could not be found.
#0 /home/helder/NetBeansProjects/SocialSupport/app/webroot/index.php(92): Dispatcher->dispatch(Object(CakeRequest), Object(CakeResponse))
#1 {main}
2012-12-25 23:56:34 Error: [MissingControllerException] Controller class CssController could not be found.
#0 /home/helder/NetBeansProjects/SocialSupport/app/webroot/index.php(92): Dispatcher->dispatch(Object(CakeRequest), Object(CakeResponse))
#1 {main}
2012-12-25 23:58:19 Error: [MissingControllerException] Controller class CssController could not be found.
#0 /home/helder/NetBeansProjects/SocialSupport/app/webroot/index.php(92): Dispatcher->dispatch(Object(CakeRequest), Object(CakeResponse))
#1 {main}
2012-12-25 23:58:19 Error: [MissingControllerException] Controller class ImagesController could not be found.
#0 /home/helder/NetBeansProjects/SocialSupport/app/webroot/index.php(92): Dispatcher->dispatch(Object(CakeRequest), Object(CakeResponse))
#1 {main}
2012-12-25 23:58:19 Error: [MissingControllerException] Controller class CssController could not be found.
#0 /home/helder/NetBeansProjects/SocialSupport/app/webroot/index.php(92): Dispatcher->dispatch(Object(CakeRequest), Object(CakeResponse))
#1 {main}
2012-12-25 23:58:28 Error: [MissingControllerException] Controller class CssController could not be found.
#0 /home/helder/NetBeansProjects/SocialSupport/app/webroot/index.php(92): Dispatcher->dispatch(Object(CakeRequest), Object(CakeResponse))
#1 {main}
2012-12-25 23:58:28 Error: [MissingControllerException] Controller class CssController could not be found.
#0 /home/helder/NetBeansProjects/SocialSupport/app/webroot/index.php(92): Dispatcher->dispatch(Object(CakeRequest), Object(CakeResponse))
#1 {main}
2012-12-25 23:59:34 Error: [MissingControllerException] Controller class ImagesController could not be found.
#0 /home/helder/NetBeansProjects/SocialSupport/app/webroot/index.php(92): Dispatcher->dispatch(Object(CakeRequest), Object(CakeResponse))
#1 {main}
2012-12-25 23:59:34 Error: [MissingControllerException] Controller class CssController could not be found.
#0 /home/helder/NetBeansProjects/SocialSupport/app/webroot/index.php(92): Dispatcher->dispatch(Object(CakeRequest), Object(CakeResponse))
#1 {main}
2012-12-25 23:59:35 Error: [MissingControllerException] Controller class CssController could not be found.
#0 /home/helder/NetBeansProjects/SocialSupport/app/webroot/index.php(92): Dispatcher->dispatch(Object(CakeRequest), Object(CakeResponse))
#1 {main}
2012-12-26 00:06:45 Error: [MissingControllerException] Controller class CssController could not be found.
#0 /home/helder/NetBeansProjects/SocialSupport/app/webroot/index.php(92): Dispatcher->dispatch(Object(CakeRequest), Object(CakeResponse))
#1 {main}
2012-12-26 00:06:45 Error: [MissingControllerException] Controller class ImagesController could not be found.
#0 /home/helder/NetBeansProjects/SocialSupport/app/webroot/index.php(92): Dispatcher->dispatch(Object(CakeRequest), Object(CakeResponse))
#1 {main}
2012-12-26 00:06:45 Error: [MissingControllerException] Controller class CssController could not be found.
#0 /home/helder/NetBeansProjects/SocialSupport/app/webroot/index.php(92): Dispatcher->dispatch(Object(CakeRequest), Object(CakeResponse))
#1 {main}
2012-12-26 00:07:04 Error: [MissingControllerException] Controller class CssController could not be found.
#0 /home/helder/NetBeansProjects/SocialSupport/app/webroot/index.php(92): Dispatcher->dispatch(Object(CakeRequest), Object(CakeResponse))
#1 {main}
2012-12-26 00:07:04 Error: [MissingControllerException] Controller class ImagesController could not be found.
#0 /home/helder/NetBeansProjects/SocialSupport/app/webroot/index.php(92): Dispatcher->dispatch(Object(CakeRequest), Object(CakeResponse))
#1 {main}
2012-12-26 00:07:04 Error: [MissingControllerException] Controller class CssController could not be found.
#0 /home/helder/NetBeansProjects/SocialSupport/app/webroot/index.php(92): Dispatcher->dispatch(Object(CakeRequest), Object(CakeResponse))
#1 {main}
2012-12-26 00:07:12 Error: [MissingControllerException] Controller class CssController could not be found.
#0 /home/helder/NetBeansProjects/SocialSupport/app/webroot/index.php(92): Dispatcher->dispatch(Object(CakeRequest), Object(CakeResponse))
#1 {main}
2012-12-26 00:07:12 Error: [MissingControllerException] Controller class ImagesController could not be found.
#0 /home/helder/NetBeansProjects/SocialSupport/app/webroot/index.php(92): Dispatcher->dispatch(Object(CakeRequest), Object(CakeResponse))
#1 {main}
2012-12-26 00:07:13 Error: [MissingControllerException] Controller class CssController could not be found.
#0 /home/helder/NetBeansProjects/SocialSupport/app/webroot/index.php(92): Dispatcher->dispatch(Object(CakeRequest), Object(CakeResponse))
#1 {main}
2012-12-26 00:07:24 Error: [MissingControllerException] Controller class CssController could not be found.
#0 /home/helder/NetBeansProjects/SocialSupport/app/webroot/index.php(92): Dispatcher->dispatch(Object(CakeRequest), Object(CakeResponse))
#1 {main}
2012-12-26 00:07:24 Error: [MissingControllerException] Controller class CssController could not be found.
#0 /home/helder/NetBeansProjects/SocialSupport/app/webroot/index.php(92): Dispatcher->dispatch(Object(CakeRequest), Object(CakeResponse))
#1 {main}
2012-12-26 00:07:42 Error: [MissingControllerException] Controller class ImagesController could not be found.
#0 /home/helder/NetBeansProjects/SocialSupport/app/webroot/index.php(92): Dispatcher->dispatch(Object(CakeRequest), Object(CakeResponse))
#1 {main}
2012-12-26 00:07:42 Error: [MissingControllerException] Controller class CssController could not be found.
#0 /home/helder/NetBeansProjects/SocialSupport/app/webroot/index.php(92): Dispatcher->dispatch(Object(CakeRequest), Object(CakeResponse))
#1 {main}
2012-12-26 00:07:42 Error: [MissingControllerException] Controller class CssController could not be found.
#0 /home/helder/NetBeansProjects/SocialSupport/app/webroot/index.php(92): Dispatcher->dispatch(Object(CakeRequest), Object(CakeResponse))
#1 {main}
2012-12-26 00:10:06 Error: [MissingControllerException] Controller class ImagesController could not be found.
#0 /home/helder/NetBeansProjects/SocialSupport/app/webroot/index.php(92): Dispatcher->dispatch(Object(CakeRequest), Object(CakeResponse))
#1 {main}
2012-12-26 00:10:06 Error: [MissingControllerException] Controller class CssController could not be found.
#0 /home/helder/NetBeansProjects/SocialSupport/app/webroot/index.php(92): Dispatcher->dispatch(Object(CakeRequest), Object(CakeResponse))
#1 {main}
2012-12-26 00:10:07 Error: [MissingControllerException] Controller class CssController could not be found.
#0 /home/helder/NetBeansProjects/SocialSupport/app/webroot/index.php(92): Dispatcher->dispatch(Object(CakeRequest), Object(CakeResponse))
#1 {main}
2012-12-26 00:10:52 Error: [MissingControllerException] Controller class ImagesController could not be found.
#0 /home/helder/NetBeansProjects/SocialSupport/app/webroot/index.php(92): Dispatcher->dispatch(Object(CakeRequest), Object(CakeResponse))
#1 {main}
2012-12-26 00:10:52 Error: [MissingControllerException] Controller class CssController could not be found.
#0 /home/helder/NetBeansProjects/SocialSupport/app/webroot/index.php(92): Dispatcher->dispatch(Object(CakeRequest), Object(CakeResponse))
#1 {main}
2012-12-26 00:10:52 Error: [MissingControllerException] Controller class CssController could not be found.
#0 /home/helder/NetBeansProjects/SocialSupport/app/webroot/index.php(92): Dispatcher->dispatch(Object(CakeRequest), Object(CakeResponse))
#1 {main}
2012-12-26 00:44:34 Error: [MissingControllerException] Controller class ImagesController could not be found.
#0 /home/helder/NetBeansProjects/SocialSupport/app/webroot/index.php(92): Dispatcher->dispatch(Object(CakeRequest), Object(CakeResponse))
#1 {main}
2012-12-26 00:45:19 Error: [MissingControllerException] Controller class CssController could not be found.
#0 /home/helder/NetBeansProjects/SocialSupport/app/webroot/index.php(92): Dispatcher->dispatch(Object(CakeRequest), Object(CakeResponse))
#1 {main}
2012-12-26 00:45:19 Error: [MissingControllerException] Controller class ImagesController could not be found.
#0 /home/helder/NetBeansProjects/SocialSupport/app/webroot/index.php(92): Dispatcher->dispatch(Object(CakeRequest), Object(CakeResponse))
#1 {main}
2012-12-26 00:45:20 Error: [MissingControllerException] Controller class CssController could not be found.
#0 /home/helder/NetBeansProjects/SocialSupport/app/webroot/index.php(92): Dispatcher->dispatch(Object(CakeRequest), Object(CakeResponse))
#1 {main}
2012-12-26 00:48:55 Error: [MissingControllerException] Controller class CssController could not be found.
#0 /home/helder/NetBeansProjects/SocialSupport/app/webroot/index.php(92): Dispatcher->dispatch(Object(CakeRequest), Object(CakeResponse))
#1 {main}
2012-12-26 00:48:55 Error: [MissingControllerException] Controller class ImagesController could not be found.
#0 /home/helder/NetBeansProjects/SocialSupport/app/webroot/index.php(92): Dispatcher->dispatch(Object(CakeRequest), Object(CakeResponse))
#1 {main}
2012-12-26 00:48:55 Error: [MissingControllerException] Controller class CssController could not be found.
#0 /home/helder/NetBeansProjects/SocialSupport/app/webroot/index.php(92): Dispatcher->dispatch(Object(CakeRequest), Object(CakeResponse))
#1 {main}
2012-12-26 00:49:20 Error: [MissingControllerException] Controller class CssController could not be found.
#0 /home/helder/NetBeansProjects/SocialSupport/app/webroot/index.php(92): Dispatcher->dispatch(Object(CakeRequest), Object(CakeResponse))
#1 {main}
2012-12-26 00:49:20 Error: [MissingControllerException] Controller class ImagesController could not be found.
#0 /home/helder/NetBeansProjects/SocialSupport/app/webroot/index.php(92): Dispatcher->dispatch(Object(CakeRequest), Object(CakeResponse))
#1 {main}
2012-12-26 00:49:20 Error: [MissingControllerException] Controller class CssController could not be found.
#0 /home/helder/NetBeansProjects/SocialSupport/app/webroot/index.php(92): Dispatcher->dispatch(Object(CakeRequest), Object(CakeResponse))
#1 {main}
2012-12-26 00:54:08 Error: [MissingControllerException] Controller class CssController could not be found.
#0 /home/helder/NetBeansProjects/SocialSupport/app/webroot/index.php(92): Dispatcher->dispatch(Object(CakeRequest), Object(CakeResponse))
#1 {main}
2012-12-26 00:54:08 Error: [MissingControllerException] Controller class ImagesController could not be found.
#0 /home/helder/NetBeansProjects/SocialSupport/app/webroot/index.php(92): Dispatcher->dispatch(Object(CakeRequest), Object(CakeResponse))
#1 {main}
2012-12-26 00:54:08 Error: [MissingControllerException] Controller class CssController could not be found.
#0 /home/helder/NetBeansProjects/SocialSupport/app/webroot/index.php(92): Dispatcher->dispatch(Object(CakeRequest), Object(CakeResponse))
#1 {main}
2012-12-26 00:55:17 Error: [MissingControllerException] Controller class CssController could not be found.
#0 /home/helder/NetBeansProjects/SocialSupport/app/webroot/index.php(92): Dispatcher->dispatch(Object(CakeRequest), Object(CakeResponse))
#1 {main}
2012-12-26 00:55:17 Error: [MissingControllerException] Controller class ImagesController could not be found.
#0 /home/helder/NetBeansProjects/SocialSupport/app/webroot/index.php(92): Dispatcher->dispatch(Object(CakeRequest), Object(CakeResponse))
#1 {main}
2012-12-26 00:55:17 Error: [MissingControllerException] Controller class CssController could not be found.
#0 /home/helder/NetBeansProjects/SocialSupport/app/webroot/index.php(92): Dispatcher->dispatch(Object(CakeRequest), Object(CakeResponse))
#1 {main}
2012-12-26 00:56:17 Error: [MissingControllerException] Controller class CssController could not be found.
#0 /home/helder/NetBeansProjects/SocialSupport/app/webroot/index.php(92): Dispatcher->dispatch(Object(CakeRequest), Object(CakeResponse))
#1 {main}
2012-12-26 00:56:17 Error: [MissingControllerException] Controller class ImagesController could not be found.
#0 /home/helder/NetBeansProjects/SocialSupport/app/webroot/index.php(92): Dispatcher->dispatch(Object(CakeRequest), Object(CakeResponse))
#1 {main}
2012-12-26 00:56:17 Error: [MissingControllerException] Controller class CssController could not be found.
#0 /home/helder/NetBeansProjects/SocialSupport/app/webroot/index.php(92): Dispatcher->dispatch(Object(CakeRequest), Object(CakeResponse))
#1 {main}
2012-12-26 00:58:38 Error: [MissingControllerException] Controller class CssController could not be found.
#0 /home/helder/NetBeansProjects/SocialSupport/app/webroot/index.php(92): Dispatcher->dispatch(Object(CakeRequest), Object(CakeResponse))
#1 {main}
2012-12-26 00:58:39 Error: [MissingControllerException] Controller class CssController could not be found.
#0 /home/helder/NetBeansProjects/SocialSupport/app/webroot/index.php(92): Dispatcher->dispatch(Object(CakeRequest), Object(CakeResponse))
#1 {main}
2012-12-26 00:59:26 Error: [MissingControllerException] Controller class ImagesController could not be found.
#0 /home/helder/NetBeansProjects/SocialSupport/app/webroot/index.php(92): Dispatcher->dispatch(Object(CakeRequest), Object(CakeResponse))
#1 {main}
2012-12-26 00:59:26 Error: [MissingControllerException] Controller class CssController could not be found.
#0 /home/helder/NetBeansProjects/SocialSupport/app/webroot/index.php(92): Dispatcher->dispatch(Object(CakeRequest), Object(CakeResponse))
#1 {main}
2012-12-26 00:59:27 Error: [MissingControllerException] Controller class CssController could not be found.
#0 /home/helder/NetBeansProjects/SocialSupport/app/webroot/index.php(92): Dispatcher->dispatch(Object(CakeRequest), Object(CakeResponse))
#1 {main}
2012-12-26 00:59:45 Error: [MissingControllerException] Controller class ImagesController could not be found.
#0 /home/helder/NetBeansProjects/SocialSupport/app/webroot/index.php(92): Dispatcher->dispatch(Object(CakeRequest), Object(CakeResponse))
#1 {main}
2012-12-26 00:59:45 Error: [MissingControllerException] Controller class CssController could not be found.
#0 /home/helder/NetBeansProjects/SocialSupport/app/webroot/index.php(92): Dispatcher->dispatch(Object(CakeRequest), Object(CakeResponse))
#1 {main}
2012-12-26 00:59:46 Error: [MissingControllerException] Controller class CssController could not be found.
#0 /home/helder/NetBeansProjects/SocialSupport/app/webroot/index.php(92): Dispatcher->dispatch(Object(CakeRequest), Object(CakeResponse))
#1 {main}
2012-12-26 01:01:36 Error: [MissingControllerException] Controller class ImagesController could not be found.
#0 /home/helder/NetBeansProjects/SocialSupport/app/webroot/index.php(92): Dispatcher->dispatch(Object(CakeRequest), Object(CakeResponse))
#1 {main}
2012-12-26 01:01:36 Error: [MissingControllerException] Controller class CssController could not be found.
#0 /home/helder/NetBeansProjects/SocialSupport/app/webroot/index.php(92): Dispatcher->dispatch(Object(CakeRequest), Object(CakeResponse))
#1 {main}
2012-12-26 01:01:36 Error: [MissingControllerException] Controller class CssController could not be found.
#0 /home/helder/NetBeansProjects/SocialSupport/app/webroot/index.php(92): Dispatcher->dispatch(Object(CakeRequest), Object(CakeResponse))
#1 {main}
2012-12-26 01:04:24 Error: [MissingControllerException] Controller class CssController could not be found.
#0 /home/helder/NetBeansProjects/SocialSupport/app/webroot/index.php(92): Dispatcher->dispatch(Object(CakeRequest), Object(CakeResponse))
#1 {main}
2012-12-26 01:04:24 Error: [MissingControllerException] Controller class ImagesController could not be found.
#0 /home/helder/NetBeansProjects/SocialSupport/app/webroot/index.php(92): Dispatcher->dispatch(Object(CakeRequest), Object(CakeResponse))
#1 {main}
2012-12-26 01:04:24 Error: [MissingControllerException] Controller class CssController could not be found.
#0 /home/helder/NetBeansProjects/SocialSupport/app/webroot/index.php(92): Dispatcher->dispatch(Object(CakeRequest), Object(CakeResponse))
#1 {main}
2012-12-26 01:56:03 Error: [MissingControllerException] Controller class CssController could not be found.
#0 /home/helder/NetBeansProjects/SocialSupport/app/webroot/index.php(92): Dispatcher->dispatch(Object(CakeRequest), Object(CakeResponse))
#1 {main}
2012-12-26 01:56:03 Error: [MissingControllerException] Controller class ImagesController could not be found.
#0 /home/helder/NetBeansProjects/SocialSupport/app/webroot/index.php(92): Dispatcher->dispatch(Object(CakeRequest), Object(CakeResponse))
#1 {main}
2012-12-26 01:56:03 Error: [MissingControllerException] Controller class CssController could not be found.
#0 /home/helder/NetBeansProjects/SocialSupport/app/webroot/index.php(92): Dispatcher->dispatch(Object(CakeRequest), Object(CakeResponse))
#1 {main}
2012-12-26 02:02:42 Error: [MissingControllerException] Controller class CssController could not be found.
#0 /home/helder/NetBeansProjects/SocialSupport/app/webroot/index.php(92): Dispatcher->dispatch(Object(CakeRequest), Object(CakeResponse))
#1 {main}
2012-12-26 02:02:42 Error: [MissingControllerException] Controller class ImagesController could not be found.
#0 /home/helder/NetBeansProjects/SocialSupport/app/webroot/index.php(92): Dispatcher->dispatch(Object(CakeRequest), Object(CakeResponse))
#1 {main}
2012-12-26 02:02:43 Error: [MissingControllerException] Controller class CssController could not be found.
#0 /home/helder/NetBeansProjects/SocialSupport/app/webroot/index.php(92): Dispatcher->dispatch(Object(CakeRequest), Object(CakeResponse))
#1 {main}
2012-12-26 02:04:10 Error: [MissingControllerException] Controller class CssController could not be found.
#0 /home/helder/NetBeansProjects/SocialSupport/app/webroot/index.php(92): Dispatcher->dispatch(Object(CakeRequest), Object(CakeResponse))
#1 {main}
2012-12-26 02:04:10 Error: [MissingControllerException] Controller class ImagesController could not be found.
#0 /home/helder/NetBeansProjects/SocialSupport/app/webroot/index.php(92): Dispatcher->dispatch(Object(CakeRequest), Object(CakeResponse))
#1 {main}
2012-12-26 02:04:10 Error: [MissingControllerException] Controller class CssController could not be found.
#0 /home/helder/NetBeansProjects/SocialSupport/app/webroot/index.php(92): Dispatcher->dispatch(Object(CakeRequest), Object(CakeResponse))
#1 {main}
2012-12-26 02:04:59 Error: [MissingControllerException] Controller class CssController could not be found.
#0 /home/helder/NetBeansProjects/SocialSupport/app/webroot/index.php(92): Dispatcher->dispatch(Object(CakeRequest), Object(CakeResponse))
#1 {main}
2012-12-26 02:04:59 Error: [MissingControllerException] Controller class ImagesController could not be found.
#0 /home/helder/NetBeansProjects/SocialSupport/app/webroot/index.php(92): Dispatcher->dispatch(Object(CakeRequest), Object(CakeResponse))
#1 {main}
2012-12-26 02:04:59 Error: [MissingControllerException] Controller class CssController could not be found.
#0 /home/helder/NetBeansProjects/SocialSupport/app/webroot/index.php(92): Dispatcher->dispatch(Object(CakeRequest), Object(CakeResponse))
#1 {main}
2012-12-26 02:05:54 Error: [MissingControllerException] Controller class CssController could not be found.
#0 /home/helder/NetBeansProjects/SocialSupport/app/webroot/index.php(92): Dispatcher->dispatch(Object(CakeRequest), Object(CakeResponse))
#1 {main}
2012-12-26 02:05:55 Error: [MissingControllerException] Controller class ImagesController could not be found.
#0 /home/helder/NetBeansProjects/SocialSupport/app/webroot/index.php(92): Dispatcher->dispatch(Object(CakeRequest), Object(CakeResponse))
#1 {main}
2012-12-26 02:05:55 Error: [MissingControllerException] Controller class CssController could not be found.
#0 /home/helder/NetBeansProjects/SocialSupport/app/webroot/index.php(92): Dispatcher->dispatch(Object(CakeRequest), Object(CakeResponse))
#1 {main}
2012-12-26 02:07:21 Error: [MissingControllerException] Controller class ImagesController could not be found.
#0 /home/helder/NetBeansProjects/SocialSupport/app/webroot/index.php(92): Dispatcher->dispatch(Object(CakeRequest), Object(CakeResponse))
#1 {main}
2012-12-26 02:07:21 Error: [MissingControllerException] Controller class CssController could not be found.
#0 /home/helder/NetBeansProjects/SocialSupport/app/webroot/index.php(92): Dispatcher->dispatch(Object(CakeRequest), Object(CakeResponse))
#1 {main}
2012-12-26 02:07:21 Error: [MissingControllerException] Controller class CssController could not be found.
#0 /home/helder/NetBeansProjects/SocialSupport/app/webroot/index.php(92): Dispatcher->dispatch(Object(CakeRequest), Object(CakeResponse))
#1 {main}
2012-12-27 22:19:07 Error: [MissingControllerException] Controller class ImagesController could not be found.
#0 /home/helder/NetBeansProjects/SocialSupport/app/webroot/index.php(92): Dispatcher->dispatch(Object(CakeRequest), Object(CakeResponse))
#1 {main}
2013-01-08 00:08:03 Error: [MissingViewException] View file "/home/helder/NetBeansProjects/SocialCup/app/View/Users/index.ctp" is missing.
#0 /home/helder/NetBeansProjects/SocialCup/lib/Cake/View/View.php(473): View->_getViewFileName(NULL)
#1 /home/helder/NetBeansProjects/SocialCup/lib/Cake/Controller/Controller.php(956): View->render(NULL, NULL)
#2 /home/helder/NetBeansProjects/SocialCup/lib/Cake/Routing/Dispatcher.php(193): Controller->render()
#3 /home/helder/NetBeansProjects/SocialCup/lib/Cake/Routing/Dispatcher.php(161): Dispatcher->_invoke(Object(UsersController), Object(CakeRequest), Object(CakeResponse))
#4 /home/helder/NetBeansProjects/SocialCup/app/webroot/index.php(92): Dispatcher->dispatch(Object(CakeRequest), Object(CakeResponse))
#5 {main}
2013-01-08 00:08:11 Error: [MissingActionException] Action UsersController::json() could not be found.
#0 /home/helder/NetBeansProjects/SocialCup/lib/Cake/Routing/Dispatcher.php(186): Controller->invokeAction(Object(CakeRequest))
#1 /home/helder/NetBeansProjects/SocialCup/lib/Cake/Routing/Dispatcher.php(161): Dispatcher->_invoke(Object(UsersController), Object(CakeRequest), Object(CakeResponse))
#2 /home/helder/NetBeansProjects/SocialCup/app/webroot/index.php(92): Dispatcher->dispatch(Object(CakeRequest), Object(CakeResponse))
#3 {main}
2013-01-08 00:09:38 Error: [MissingActionException] Action UsersController::b5f1f930-5937-11e2-aa44-705ab6554b97() could not be found.
#0 /home/helder/NetBeansProjects/SocialCup/lib/Cake/Routing/Dispatcher.php(186): Controller->invokeAction(Object(CakeRequest))
#1 /home/helder/NetBeansProjects/SocialCup/lib/Cake/Routing/Dispatcher.php(161): Dispatcher->_invoke(Object(UsersController), Object(CakeRequest), Object(CakeResponse))
#2 /home/helder/NetBeansProjects/SocialCup/app/webroot/index.php(92): Dispatcher->dispatch(Object(CakeRequest), Object(CakeResponse))
#3 {main}
2013-01-08 00:11:41 Error: [MissingActionException] Action UsersController::1() could not be found.
#0 /home/helder/NetBeansProjects/SocialCup/lib/Cake/Routing/Dispatcher.php(186): Controller->invokeAction(Object(CakeRequest))
#1 /home/helder/NetBeansProjects/SocialCup/lib/Cake/Routing/Dispatcher.php(161): Dispatcher->_invoke(Object(UsersController), Object(CakeRequest), Object(CakeResponse))
#2 /home/helder/NetBeansProjects/SocialCup/app/webroot/index.php(92): Dispatcher->dispatch(Object(CakeRequest), Object(CakeResponse))
#3 {main}
2013-01-08 00:18:27 Error: [MissingActionException] Action UsersController::b5f1f930-5937-11e2-aa44-705ab6554b97() could not be found.
#0 /home/helder/NetBeansProjects/SocialCup/lib/Cake/Routing/Dispatcher.php(186): Controller->invokeAction(Object(CakeRequest))
#1 /home/helder/NetBeansProjects/SocialCup/lib/Cake/Routing/Dispatcher.php(161): Dispatcher->_invoke(Object(UsersController), Object(CakeRequest), Object(CakeResponse))
#2 /home/helder/NetBeansProjects/SocialCup/app/webroot/index.php(92): Dispatcher->dispatch(Object(CakeRequest), Object(CakeResponse))
#3 {main}
2013-01-08 00:18:28 Error: [MissingActionException] Action UsersController::b5f1f930-5937-11e2-aa44-705ab6554b97() could not be found.
#0 /home/helder/NetBeansProjects/SocialCup/lib/Cake/Routing/Dispatcher.php(186): Controller->invokeAction(Object(CakeRequest))
#1 /home/helder/NetBeansProjects/SocialCup/lib/Cake/Routing/Dispatcher.php(161): Dispatcher->_invoke(Object(UsersController), Object(CakeRequest), Object(CakeResponse))
#2 /home/helder/NetBeansProjects/SocialCup/app/webroot/index.php(92): Dispatcher->dispatch(Object(CakeRequest), Object(CakeResponse))
#3 {main}
2013-01-08 00:18:29 Error: [MissingActionException] Action UsersController::b5f1f930-5937-11e2-aa44-705ab6554b97() could not be found.
#0 /home/helder/NetBeansProjects/SocialCup/lib/Cake/Routing/Dispatcher.php(186): Controller->invokeAction(Object(CakeRequest))
#1 /home/helder/NetBeansProjects/SocialCup/lib/Cake/Routing/Dispatcher.php(161): Dispatcher->_invoke(Object(UsersController), Object(CakeRequest), Object(CakeResponse))
#2 /home/helder/NetBeansProjects/SocialCup/app/webroot/index.php(92): Dispatcher->dispatch(Object(CakeRequest), Object(CakeResponse))
#3 {main}
2013-01-08 00:22:20 Error: [MissingActionException] Action UsersController::b5f1f930-5937-11e2-aa44-705ab6554b97() could not be found.
#0 /home/helder/NetBeansProjects/SocialCup/lib/Cake/Routing/Dispatcher.php(186): Controller->invokeAction(Object(CakeRequest))
#1 /home/helder/NetBeansProjects/SocialCup/lib/Cake/Routing/Dispatcher.php(161): Dispatcher->_invoke(Object(UsersController), Object(CakeRequest), Object(CakeResponse))
#2 /home/helder/NetBeansProjects/SocialCup/app/webroot/index.php(92): Dispatcher->dispatch(Object(CakeRequest), Object(CakeResponse))
#3 {main}
2013-01-08 00:25:44 Error: [MissingActionException] Action UsersController::b5f1f930-5937-11e2-aa44-705ab6554b97() could not be found.
#0 /home/helder/NetBeansProjects/SocialCup/lib/Cake/Routing/Dispatcher.php(186): Controller->invokeAction(Object(CakeRequest))
#1 /home/helder/NetBeansProjects/SocialCup/lib/Cake/Routing/Dispatcher.php(161): Dispatcher->_invoke(Object(UsersController), Object(CakeRequest), Object(CakeResponse))
#2 /home/helder/NetBeansProjects/SocialCup/app/webroot/index.php(92): Dispatcher->dispatch(Object(CakeRequest), Object(CakeResponse))
#3 {main}
2013-01-08 16:12:56 Error: Fatal Error (1): Cannot use object of type CakeResponse as array in [/home/helder/NetBeansProjects/SocialCup/app/Controller/UsersController.php, line 21]
2013-01-08 16:12:56 Error: [FatalErrorException] Cannot use object of type CakeResponse as array
#0 /home/helder/NetBeansProjects/SocialCup/lib/Cake/Error/ErrorHandler.php(161): ErrorHandler::handleFatalError(1, 'Cannot use obje...', '/home/helder/Ne...', 21)
#1 [internal function]: ErrorHandler::handleError(1, 'Cannot use obje...', '/home/helder/Ne...', 21, Array)
#2 /home/helder/NetBeansProjects/SocialCup/lib/Cake/Core/App.php(926): call_user_func('ErrorHandler::h...', 1, 'Cannot use obje...', '/home/helder/Ne...', 21, Array)
#3 /home/helder/NetBeansProjects/SocialCup/lib/Cake/Core/App.php(899): App::_checkFatalError()
#4 [internal function]: App::shutdown()
#5 {main}
2013-01-08 16:33:52 Error: [MissingViewException] View file "/home/helder/NetBeansProjects/SocialCup/app/View/Users/add.ctp" is missing.
#0 /home/helder/NetBeansProjects/SocialCup/lib/Cake/View/View.php(473): View->_getViewFileName(NULL)
#1 /home/helder/NetBeansProjects/SocialCup/lib/Cake/Controller/Controller.php(956): View->render(NULL, NULL)
#2 /home/helder/NetBeansProjects/SocialCup/lib/Cake/Routing/Dispatcher.php(193): Controller->render()
#3 /home/helder/NetBeansProjects/SocialCup/lib/Cake/Routing/Dispatcher.php(161): Dispatcher->_invoke(Object(UsersController), Object(CakeRequest), Object(CakeResponse))
#4 /home/helder/NetBeansProjects/SocialCup/app/webroot/index.php(92): Dispatcher->dispatch(Object(CakeRequest), Object(CakeResponse))
#5 {main}
2013-01-08 17:42:28 Error: [PDOException] SQLSTATE[23000]: Integrity constraint violation: 1452 Cannot add or update a child row: a foreign key constraint fails (`SocialCup`.`user`, CONSTRAINT `fk_user_city1` FOREIGN KEY (`city_id`) REFERENCES `city` (`id`) ON UPDATE CASCADE)
#0 /home/helder/NetBeansProjects/SocialCup/lib/Cake/Model/Datasource/DboSource.php(459): PDOStatement->execute(Array)
#1 /home/helder/NetBeansProjects/SocialCup/lib/Cake/Model/Datasource/DboSource.php(425): DboSource->_execute('INSERT INTO `So...', Array)
#2 /home/helder/NetBeansProjects/SocialCup/lib/Cake/Model/Datasource/DboSource.php(1007): DboSource->execute('INSERT INTO `So...')
#3 /home/helder/NetBeansProjects/SocialCup/lib/Cake/Model/Model.php(1730): DboSource->create(Object(User), Array, Array)
#4 /home/helder/NetBeansProjects/SocialCup/app/Controller/UsersController.php(41): Model->save(Array)
#5 [internal function]: UsersController->add()
#6 /home/helder/NetBeansProjects/SocialCup/lib/Cake/Controller/Controller.php(485): ReflectionMethod->invokeArgs(Object(UsersController), Array)
#7 /home/helder/NetBeansProjects/SocialCup/lib/Cake/Routing/Dispatcher.php(186): Controller->invokeAction(Object(CakeRequest))
#8 /home/helder/NetBeansProjects/SocialCup/lib/Cake/Routing/Dispatcher.php(161): Dispatcher->_invoke(Object(UsersController), Object(CakeRequest), Object(CakeResponse))
#9 /home/helder/NetBeansProjects/SocialCup/app/webroot/index.php(92): Dispatcher->dispatch(Object(CakeRequest), Object(CakeResponse))
#10 {main}
2013-01-08 17:43:09 Error: [PDOException] SQLSTATE[23000]: Integrity constraint violation: 1452 Cannot add or update a child row: a foreign key constraint fails (`SocialCup`.`user`, CONSTRAINT `fk_user_city1` FOREIGN KEY (`city_id`) REFERENCES `city` (`id`) ON UPDATE CASCADE)
#0 /home/helder/NetBeansProjects/SocialCup/lib/Cake/Model/Datasource/DboSource.php(459): PDOStatement->execute(Array)
#1 /home/helder/NetBeansProjects/SocialCup/lib/Cake/Model/Datasource/DboSource.php(425): DboSource->_execute('INSERT INTO `So...', Array)
#2 /home/helder/NetBeansProjects/SocialCup/lib/Cake/Model/Datasource/DboSource.php(1007): DboSource->execute('INSERT INTO `So...')
#3 /home/helder/NetBeansProjects/SocialCup/lib/Cake/Model/Model.php(1730): DboSource->create(Object(User), Array, Array)
#4 /home/helder/NetBeansProjects/SocialCup/app/Controller/UsersController.php(41): Model->save(Array)
#5 [internal function]: UsersController->add()
#6 /home/helder/NetBeansProjects/SocialCup/lib/Cake/Controller/Controller.php(485): ReflectionMethod->invokeArgs(Object(UsersController), Array)
#7 /home/helder/NetBeansProjects/SocialCup/lib/Cake/Routing/Dispatcher.php(186): Controller->invokeAction(Object(CakeRequest))
#8 /home/helder/NetBeansProjects/SocialCup/lib/Cake/Routing/Dispatcher.php(161): Dispatcher->_invoke(Object(UsersController), Object(CakeRequest), Object(CakeResponse))
#9 /home/helder/NetBeansProjects/SocialCup/app/webroot/index.php(92): Dispatcher->dispatch(Object(CakeRequest), Object(CakeResponse))
#10 {main}
2013-01-08 17:45:55 Error: [PDOException] SQLSTATE[23000]: Integrity constraint violation: 1452 Cannot add or update a child row: a foreign key constraint fails (`SocialCup`.`user`, CONSTRAINT `fk_user_city1` FOREIGN KEY (`city_id`) REFERENCES `city` (`id`) ON UPDATE CASCADE)
#0 /home/helder/NetBeansProjects/SocialCup/lib/Cake/Model/Datasource/DboSource.php(459): PDOStatement->execute(Array)
#1 /home/helder/NetBeansProjects/SocialCup/lib/Cake/Model/Datasource/DboSource.php(425): DboSource->_execute('INSERT INTO `So...', Array)
#2 /home/helder/NetBeansProjects/SocialCup/lib/Cake/Model/Datasource/DboSource.php(1007): DboSource->execute('INSERT INTO `So...')
#3 /home/helder/NetBeansProjects/SocialCup/lib/Cake/Model/Model.php(1730): DboSource->create(Object(User), Array, Array)
#4 /home/helder/NetBeansProjects/SocialCup/app/Controller/UsersController.php(41): Model->save(Array)
#5 [internal function]: UsersController->add()
#6 /home/helder/NetBeansProjects/SocialCup/lib/Cake/Controller/Controller.php(485): ReflectionMethod->invokeArgs(Object(UsersController), Array)
#7 /home/helder/NetBeansProjects/SocialCup/lib/Cake/Routing/Dispatcher.php(186): Controller->invokeAction(Object(CakeRequest))
#8 /home/helder/NetBeansProjects/SocialCup/lib/Cake/Routing/Dispatcher.php(161): Dispatcher->_invoke(Object(UsersController), Object(CakeRequest), Object(CakeResponse))
#9 /home/helder/NetBeansProjects/SocialCup/app/webroot/index.php(92): Dispatcher->dispatch(Object(CakeRequest), Object(CakeResponse))
#10 {main}
2013-01-08 17:58:16 Error: [PDOException] SQLSTATE[23000]: Integrity constraint violation: 1452 Cannot add or update a child row: a foreign key constraint fails (`SocialCup`.`user`, CONSTRAINT `fk_user_city1` FOREIGN KEY (`city_id`) REFERENCES `city` (`id`) ON UPDATE CASCADE)
#0 /home/helder/NetBeansProjects/SocialCup/lib/Cake/Model/Datasource/DboSource.php(459): PDOStatement->execute(Array)
#1 /home/helder/NetBeansProjects/SocialCup/lib/Cake/Model/Datasource/DboSource.php(425): DboSource->_execute('INSERT INTO `So...', Array)
#2 /home/helder/NetBeansProjects/SocialCup/lib/Cake/Model/Datasource/DboSource.php(1007): DboSource->execute('INSERT INTO `So...')
#3 /home/helder/NetBeansProjects/SocialCup/lib/Cake/Model/Model.php(1730): DboSource->create(Object(User), Array, Array)
#4 /home/helder/NetBeansProjects/SocialCup/app/Controller/UsersController.php(29): Model->save(Array)
#5 [internal function]: UsersController->add()
#6 /home/helder/NetBeansProjects/SocialCup/lib/Cake/Controller/Controller.php(485): ReflectionMethod->invokeArgs(Object(UsersController), Array)
#7 /home/helder/NetBeansProjects/SocialCup/lib/Cake/Routing/Dispatcher.php(186): Controller->invokeAction(Object(CakeRequest))
#8 /home/helder/NetBeansProjects/SocialCup/lib/Cake/Routing/Dispatcher.php(161): Dispatcher->_invoke(Object(UsersController), Object(CakeRequest), Object(CakeResponse))
#9 /home/helder/NetBeansProjects/SocialCup/app/webroot/index.php(92): Dispatcher->dispatch(Object(CakeRequest), Object(CakeResponse))
#10 {main}
2013-01-08 19:14:02 Error: [MissingViewException] View file "/home/helder/NetBeansProjects/SocialCup/app/View/Users/index.ctp" is missing.
#0 /home/helder/NetBeansProjects/SocialCup/lib/Cake/View/View.php(473): View->_getViewFileName(NULL)
#1 /home/helder/NetBeansProjects/SocialCup/lib/Cake/Controller/Controller.php(956): View->render(NULL, NULL)
#2 /home/helder/NetBeansProjects/SocialCup/lib/Cake/Routing/Dispatcher.php(193): Controller->render()
#3 /home/helder/NetBeansProjects/SocialCup/lib/Cake/Routing/Dispatcher.php(161): Dispatcher->_invoke(Object(UsersController), Object(CakeRequest), Object(CakeResponse))
#4 /home/helder/NetBeansProjects/SocialCup/app/webroot/index.php(92): Dispatcher->dispatch(Object(CakeRequest), Object(CakeResponse))
#5 {main}
2013-01-08 20:14:04 Error: [MissingTableException] Table interests for model Interests was not found in datasource default.
#0 /home/helder/NetBeansProjects/SocialCup/lib/Cake/Model/Model.php(3179): Model->setSource('interests')
#1 /home/helder/NetBeansProjects/SocialCup/lib/Cake/Model/Datasource/DboSource.php(1066): Model->getDataSource()
#2 /home/helder/NetBeansProjects/SocialCup/lib/Cake/Model/Model.php(2630): DboSource->read(Object(User), Array)
#3 /home/helder/NetBeansProjects/SocialCup/lib/Cake/Model/Datasource/DboSource.php(598): Model->find('first', Array)
#4 /home/helder/NetBeansProjects/SocialCup/lib/Cake/Model/Model.php(784): DboSource->query('findById', Array, Object(User))
#5 /home/helder/NetBeansProjects/SocialCup/app/Controller/UsersController.php(21): Model->__call('findById', Array)
#6 /home/helder/NetBeansProjects/SocialCup/app/Controller/UsersController.php(21): User->findById('fb26a816-5937-1...')
#7 [internal function]: UsersController->view('fb26a816-5937-1...')
#8 /home/helder/NetBeansProjects/SocialCup/lib/Cake/Controller/Controller.php(485): ReflectionMethod->invokeArgs(Object(UsersController), Array)
#9 /home/helder/NetBeansProjects/SocialCup/lib/Cake/Routing/Dispatcher.php(186): Controller->invokeAction(Object(CakeRequest))
#10 /home/helder/NetBeansProjects/SocialCup/lib/Cake/Routing/Dispatcher.php(161): Dispatcher->_invoke(Object(UsersController), Object(CakeRequest), Object(CakeResponse))
#11 /home/helder/NetBeansProjects/SocialCup/app/webroot/index.php(92): Dispatcher->dispatch(Object(CakeRequest), Object(CakeResponse))
#12 {main}
2013-02-05 21:17:40 Error: [MissingViewException] View file "/home/helder/NetBeansProjects/SocialCup/app/View/Users/json/index.ctp" is missing.
#0 /home/helder/NetBeansProjects/SocialCup/lib/Cake/View/JsonView.php(98): View->_getViewFileName(NULL)
#1 /home/helder/NetBeansProjects/SocialCup/lib/Cake/Controller/Controller.php(956): JsonView->render(NULL, NULL)
#2 /home/helder/NetBeansProjects/SocialCup/lib/Cake/Routing/Dispatcher.php(193): Controller->render()
#3 /home/helder/NetBeansProjects/SocialCup/lib/Cake/Routing/Dispatcher.php(161): Dispatcher->_invoke(Object(UsersController), Object(CakeRequest), Object(CakeResponse))
#4 /home/helder/NetBeansProjects/SocialCup/app/webroot/index.php(92): Dispatcher->dispatch(Object(CakeRequest), Object(CakeResponse))
#5 {main}
2013-02-05 21:19:16 Error: Fatal Error (1): Maximum execution time of 30 seconds exceeded in [/home/helder/NetBeansProjects/SocialCup/lib/Cake/Model/Datasource/DboSource.php, line 781]
2013-02-05 21:19:16 Error: [FatalErrorException] Maximum execution time of 30 seconds exceeded
#0 /home/helder/NetBeansProjects/SocialCup/lib/Cake/Error/ErrorHandler.php(161): ErrorHandler::handleFatalError(1, 'Maximum executi...', '/home/helder/Ne...', 781)
#1 [internal function]: ErrorHandler::handleError(1, 'Maximum executi...', '/home/helder/Ne...', 781, Array)
#2 /home/helder/NetBeansProjects/SocialCup/lib/Cake/Core/App.php(926): call_user_func('ErrorHandler::h...', 1, 'Maximum executi...', '/home/helder/Ne...', 781, Array)
#3 /home/helder/NetBeansProjects/SocialCup/lib/Cake/Core/App.php(899): App::_checkFatalError()
#4 [internal function]: App::shutdown()
#5 {main}
2013-02-05 21:22:41 Error: [MissingViewException] View file "/home/helder/NetBeansProjects/SocialCup/app/View/Users/json/index.ctp" is missing.
#0 /home/helder/NetBeansProjects/SocialCup/lib/Cake/View/JsonView.php(98): View->_getViewFileName(NULL)
#1 /home/helder/NetBeansProjects/SocialCup/lib/Cake/Controller/Controller.php(956): JsonView->render(NULL, NULL)
#2 /home/helder/NetBeansProjects/SocialCup/lib/Cake/Routing/Dispatcher.php(193): Controller->render()
#3 /home/helder/NetBeansProjects/SocialCup/lib/Cake/Routing/Dispatcher.php(161): Dispatcher->_invoke(Object(UsersController), Object(CakeRequest), Object(CakeResponse))
#4 /home/helder/NetBeansProjects/SocialCup/app/webroot/index.php(92): Dispatcher->dispatch(Object(CakeRequest), Object(CakeResponse))
#5 {main}
2013-02-05 21:23:33 Error: Fatal Error (1): Maximum execution time of 30 seconds exceeded in [/home/helder/NetBeansProjects/SocialCup/lib/Cake/Model/Model.php, line 1746]
2013-02-05 21:23:33 Error: [FatalErrorException] Maximum execution time of 30 seconds exceeded
#0 /home/helder/NetBeansProjects/SocialCup/lib/Cake/Error/ErrorHandler.php(161): ErrorHandler::handleFatalError(1, 'Maximum executi...', '/home/helder/Ne...', 1746)
#1 [internal function]: ErrorHandler::handleError(1, 'Maximum executi...', '/home/helder/Ne...', 1746, Array)
#2 /home/helder/NetBeansProjects/SocialCup/lib/Cake/Core/App.php(926): call_user_func('ErrorHandler::h...', 1, 'Maximum executi...', '/home/helder/Ne...', 1746, Array)
#3 /home/helder/NetBeansProjects/SocialCup/lib/Cake/Core/App.php(899): App::_checkFatalError()
#4 [internal function]: App::shutdown()
#5 {main}
2013-02-05 21:28:11 Error: [MissingViewException] View file "/home/helder/NetBeansProjects/SocialCup/app/View/Users/json/index.ctp" is missing.
#0 /home/helder/NetBeansProjects/SocialCup/lib/Cake/View/JsonView.php(98): View->_getViewFileName(NULL)
#1 /home/helder/NetBeansProjects/SocialCup/lib/Cake/Controller/Controller.php(956): JsonView->render(NULL, NULL)
#2 /home/helder/NetBeansProjects/SocialCup/lib/Cake/Routing/Dispatcher.php(193): Controller->render()
#3 /home/helder/NetBeansProjects/SocialCup/lib/Cake/Routing/Dispatcher.php(161): Dispatcher->_invoke(Object(UsersController), Object(CakeRequest), Object(CakeResponse))
#4 /home/helder/NetBeansProjects/SocialCup/app/webroot/index.php(92): Dispatcher->dispatch(Object(CakeRequest), Object(CakeResponse))
#5 {main}
2013-02-05 21:30:12 Error: [MissingViewException] View file "/home/helder/NetBeansProjects/SocialCup/app/View/Users/json/index.ctp" is missing.
#0 /home/helder/NetBeansProjects/SocialCup/lib/Cake/View/JsonView.php(98): View->_getViewFileName(NULL)
#1 /home/helder/NetBeansProjects/SocialCup/lib/Cake/Controller/Controller.php(956): JsonView->render(NULL, NULL)
#2 /home/helder/NetBeansProjects/SocialCup/lib/Cake/Routing/Dispatcher.php(193): Controller->render()
#3 /home/helder/NetBeansProjects/SocialCup/lib/Cake/Routing/Dispatcher.php(161): Dispatcher->_invoke(Object(UsersController), Object(CakeRequest), Object(CakeResponse))
#4 /home/helder/NetBeansProjects/SocialCup/app/webroot/index.php(92): Dispatcher->dispatch(Object(CakeRequest), Object(CakeResponse))
#5 {main}
2013-02-05 21:34:35 Error: [MissingViewException] View file "/home/helder/NetBeansProjects/SocialCup/app/View/Users/json/index.ctp" is missing.
#0 /home/helder/NetBeansProjects/SocialCup/lib/Cake/View/JsonView.php(98): View->_getViewFileName(NULL)
#1 /home/helder/NetBeansProjects/SocialCup/lib/Cake/Controller/Controller.php(956): JsonView->render(NULL, NULL)
#2 /home/helder/NetBeansProjects/SocialCup/lib/Cake/Routing/Dispatcher.php(193): Controller->render()
#3 /home/helder/NetBeansProjects/SocialCup/lib/Cake/Routing/Dispatcher.php(161): Dispatcher->_invoke(Object(UsersController), Object(CakeRequest), Object(CakeResponse))
#4 /home/helder/NetBeansProjects/SocialCup/app/webroot/index.php(92): Dispatcher->dispatch(Object(CakeRequest), Object(CakeResponse))
#5 {main}
2013-02-05 21:35:17 Error: [MissingViewException] View file "/home/helder/NetBeansProjects/SocialCup/app/View/Users/json/index.ctp" is missing.
#0 /home/helder/NetBeansProjects/SocialCup/lib/Cake/View/JsonView.php(98): View->_getViewFileName(NULL)
#1 /home/helder/NetBeansProjects/SocialCup/lib/Cake/Controller/Controller.php(956): JsonView->render(NULL, NULL)
#2 /home/helder/NetBeansProjects/SocialCup/lib/Cake/Routing/Dispatcher.php(193): Controller->render()
#3 /home/helder/NetBeansProjects/SocialCup/lib/Cake/Routing/Dispatcher.php(161): Dispatcher->_invoke(Object(UsersController), Object(CakeRequest), Object(CakeResponse))
#4 /home/helder/NetBeansProjects/SocialCup/app/webroot/index.php(92): Dispatcher->dispatch(Object(CakeRequest), Object(CakeResponse))
#5 {main}
2013-02-05 21:35:36 Error: [MissingViewException] View file "/home/helder/NetBeansProjects/SocialCup/app/View/Users/json/index.ctp" is missing.
#0 /home/helder/NetBeansProjects/SocialCup/lib/Cake/View/JsonView.php(98): View->_getViewFileName(NULL)
#1 /home/helder/NetBeansProjects/SocialCup/lib/Cake/Controller/Controller.php(956): JsonView->render(NULL, NULL)
#2 /home/helder/NetBeansProjects/SocialCup/lib/Cake/Routing/Dispatcher.php(193): Controller->render()
#3 /home/helder/NetBeansProjects/SocialCup/lib/Cake/Routing/Dispatcher.php(161): Dispatcher->_invoke(Object(UsersController), Object(CakeRequest), Object(CakeResponse))
#4 /home/helder/NetBeansProjects/SocialCup/app/webroot/index.php(92): Dispatcher->dispatch(Object(CakeRequest), Object(CakeResponse))
#5 {main}
2013-02-05 21:35:57 Error: [MissingViewException] View file "/home/helder/NetBeansProjects/SocialCup/app/View/Users/json/index.ctp" is missing.
#0 /home/helder/NetBeansProjects/SocialCup/lib/Cake/View/JsonView.php(98): View->_getViewFileName(NULL)
#1 /home/helder/NetBeansProjects/SocialCup/lib/Cake/Controller/Controller.php(956): JsonView->render(NULL, NULL)
#2 /home/helder/NetBeansProjects/SocialCup/lib/Cake/Routing/Dispatcher.php(193): Controller->render()
#3 /home/helder/NetBeansProjects/SocialCup/lib/Cake/Routing/Dispatcher.php(161): Dispatcher->_invoke(Object(UsersController), Object(CakeRequest), Object(CakeResponse))
#4 /home/helder/NetBeansProjects/SocialCup/app/webroot/index.php(92): Dispatcher->dispatch(Object(CakeRequest), Object(CakeResponse))
#5 {main}
2013-02-05 21:36:41 Error: [MissingViewException] View file "/home/helder/NetBeansProjects/SocialCup/app/View/Users/json/index.ctp" is missing.
#0 /home/helder/NetBeansProjects/SocialCup/lib/Cake/View/JsonView.php(98): View->_getViewFileName(NULL)
#1 /home/helder/NetBeansProjects/SocialCup/lib/Cake/Controller/Controller.php(956): JsonView->render(NULL, NULL)
#2 /home/helder/NetBeansProjects/SocialCup/lib/Cake/Routing/Dispatcher.php(193): Controller->render()
#3 /home/helder/NetBeansProjects/SocialCup/lib/Cake/Routing/Dispatcher.php(161): Dispatcher->_invoke(Object(UsersController), Object(CakeRequest), Object(CakeResponse))
#4 /home/helder/NetBeansProjects/SocialCup/app/webroot/index.php(92): Dispatcher->dispatch(Object(CakeRequest), Object(CakeResponse))
#5 {main}
